2024-03-13T10:42:28.158Z: POST /
2024-03-13T10:42:35.282Z: POST /register
2024-03-13T10:43:45.302Z: POST /register
2024-03-13T10:45:08.486Z: POST /register
2024-03-13T10:46:40.123Z: POST /register
2024-03-13T10:47:25.745Z: POST /register
2024-03-13T10:47:53.277Z: POST /register
2024-03-13T10:50:05.243Z: POST /register
2024-03-13T11:40:16.856Z: POST /register
2024-03-13T11:40:18.095Z: POST /register
2024-03-13T11:40:43.505Z: POST /register
2024-03-13T12:23:14.053Z: POST /register
2024-03-13T12:25:17.937Z: POST /register
2024-03-13T12:26:33.533Z: POST /register
2024-03-13T12:42:52.680Z: POST /register
2024-03-13T12:43:38.116Z: POST /register
2024-03-13T13:15:46.928Z: POST /login
2024-03-13T13:16:22.784Z: POST /login
2024-03-13T13:17:06.246Z: POST /login
2024-03-13T13:17:57.217Z: POST /login
2024-03-13T13:17:58.490Z: POST /login
2024-03-13T13:22:17.080Z: POST /login
2024-03-13T13:22:19.645Z: POST /login
2024-03-13T13:22:37.320Z: POST /login
2024-03-13T13:22:47.023Z: POST /login
2024-03-13T13:25:23.902Z: POST /login
2024-03-13T13:26:25.797Z: POST /login
2024-03-13T13:27:39.276Z: POST /login
2024-03-13T13:28:06.553Z: POST /login
2024-03-13T13:28:42.222Z: POST /login
2024-03-13T13:29:02.048Z: POST /login
2024-03-13T13:30:08.705Z: POST /login
2024-03-13T13:30:56.178Z: POST /login
2024-03-13T13:31:22.645Z: POST /login
2024-03-13T13:31:34.678Z: POST /login
2024-03-13T13:31:40.776Z: POST /login
2024-03-13T13:33:46.164Z: POST /login
2024-03-13T13:33:56.127Z: POST /login
2024-03-13T13:35:25.842Z: POST /register
2024-03-13T13:36:13.647Z: POST /register
2024-03-13T13:36:44.161Z: POST /login
2024-03-13T13:36:56.394Z: POST /login
2024-03-13T13:37:08.413Z: POST /login
2024-03-13T13:48:27.914Z: POST /register
2024-03-13T13:59:23.129Z: POST /register
2024-03-13T13:59:53.482Z: POST /register
2024-03-13T14:00:16.053Z: POST /register
2024-03-13T14:00:22.387Z: POST /register
2024-03-13T14:01:33.932Z: POST /login
2024-03-13T14:35:24.426Z: POST /register
2024-03-13T14:35:56.236Z: POST /register
2024-03-13T14:36:45.284Z: POST /teacherlogin
2024-03-13T14:37:07.979Z: POST /teacherlogin
2024-03-13T14:37:33.189Z: POST /studentlogin
2024-03-13T14:38:44.726Z: POST /studentlogin
2024-03-13T14:38:50.857Z: POST /teacherlogin
2024-03-13T14:39:02.557Z: POST /studentlogin
2024-03-13T14:39:08.636Z: POST /teacherlogin
2024-03-13T14:47:21.465Z: POST /register
2024-03-13T14:47:45.849Z: POST /register
